{
  level: 'info',
  message: 'listening for requests at port',
  label: 'winston custom format',
  timestamp: 'Jan-11-2023 01:28:26'
}
{
  message: 'connecting to mongodb',
  level: 'info',
  label: 'winston custom format',
  timestamp: 'Jan-11-2023 01:28:26'
}
{
  level: 'info',
  message: 'listening for requests at port',
  label: 'winston custom format',
  timestamp: 'Jan-11-2023 01:28:59'
}
{
  message: 'connecting to mongodb',
  level: 'info',
  label: 'winston custom format',
  timestamp: 'Jan-11-2023 01:29:00'
}
{
  level: 'info',
  message: 'listening for requests at port',
  label: 'winston custom format',
  timestamp: 'Jan-11-2023 01:29:09'
}
{
  message: 'connecting to mongodb',
  level: 'info',
  label: 'winston custom format',
  timestamp: 'Jan-11-2023 01:29:09'
}
{
  level: 'info',
  message: 'listening for requests at port',
  label: 'winston custom format',
  timestamp: 'Jan-11-2023 01:29:21'
}
{
  message: 'connecting to mongodb',
  level: 'info',
  label: 'winston custom format',
  timestamp: 'Jan-11-2023 01:29:21'
}
{
  level: 'info',
  message: 'listening for requests at port',
  label: 'winston custom format',
  timestamp: 'Jan-11-2023 01:30:05'
}
{
  message: 'connecting to mongodb',
  level: 'info',
  label: 'winston custom format',
  timestamp: 'Jan-11-2023 01:30:06'
}
{
  level: 'info',
  message: 'listening for requests at port',
  label: 'winston custom format',
  timestamp: 'Jan-11-2023 01:30:34'
}
{
  message: 'connecting to mongodb',
  level: 'info',
  label: 'winston custom format',
  timestamp: 'Jan-11-2023 01:30:34'
}
{
  level: 'info',
  message: 'listening for requests at port',
  label: 'winston custom format',
  timestamp: 'Jan-11-2023 03:31:05'
}
{
  message: 'connecting to mongodb',
  level: 'info',
  label: 'winston custom format',
  timestamp: 'Jan-11-2023 03:31:05'
}
{
  level: 'info',
  message: 'listening for requests at port',
  label: 'winston custom format',
  timestamp: 'Jan-11-2023 03:31:54'
}
{
  message: 'connecting to mongodb',
  level: 'info',
  label: 'winston custom format',
  timestamp: 'Jan-11-2023 03:31:54'
}
