{
  message: 'connecting to mongodb',
  level: 'info',
  label: 'winston custom format',
  timestamp: 'Feb-05-2023 06:40:48'
}
{
  message: 'connecting to mongodb',
  level: 'info',
  label: 'winston custom format',
  timestamp: 'Feb-05-2023 06:43:39'
}
{
  message: 'connecting to mongodb',
  level: 'info',
  label: 'winston custom format',
  timestamp: 'Feb-05-2023 06:44:24'
}
{
  message: 'connecting to mongodb',
  level: 'info',
  label: 'winston custom format',
  timestamp: 'Feb-05-2023 06:45:47'
}
{
  message: 'connecting to mongodb',
  level: 'info',
  label: 'winston custom format',
  timestamp: 'Feb-05-2023 06:46:10'
}
{
  message: 'connecting to mongodb',
  level: 'info',
  label: 'winston custom format',
  timestamp: 'Feb-05-2023 06:47:02'
}
{
  message: 'connecting to mongodb',
  level: 'info',
  label: 'winston custom format',
  timestamp: 'Feb-05-2023 06:47:17'
}
{
  message: 'connecting to mongodb',
  level: 'info',
  label: 'winston custom format',
  timestamp: 'Feb-05-2023 06:47:23'
}
{
  message: 'connecting to mongodb',
  level: 'info',
  label: 'winston custom format',
  timestamp: 'Feb-05-2023 06:49:35'
}
{
  message: 'connecting to mongodb',
  level: 'info',
  label: 'winston custom format',
  timestamp: 'Feb-05-2023 06:51:03'
}
{
  message: 'connecting to mongodb',
  level: 'info',
  label: 'winston custom format',
  timestamp: 'Feb-05-2023 06:51:30'
}
{
  message: 'connecting to mongodb',
  level: 'info',
  label: 'winston custom format',
  timestamp: 'Feb-05-2023 06:51:49'
}
{
  message: 'connecting to mongodb',
  level: 'info',
  label: 'winston custom format',
  timestamp: 'Feb-05-2023 06:52:31'
}
{
  message: 'connecting to mongodb',
  level: 'info',
  label: 'winston custom format',
  timestamp: 'Feb-05-2023 06:55:04'
}
{
  message: 'connecting to mongodb',
  level: 'info',
  label: 'winston custom format',
  timestamp: 'Feb-05-2023 06:55:24'
}
{
  message: 'connecting to mongodb',
  level: 'info',
  label: 'winston custom format',
  timestamp: 'Feb-05-2023 07:00:53'
}
{
  message: 'connecting to mongodb',
  level: 'info',
  label: 'winston custom format',
  timestamp: 'Feb-05-2023 07:03:07'
}
